<?xml version="1.0" encoding="UTF-8"?>
<coverage generated="1604750053389" clover="3.2.0">
  <project timestamp="1604750053389" name="All files">
    <metrics statements="10" coveredstatements="10" conditionals="0" coveredconditionals="0" methods="5" coveredmethods="5" elements="15" coveredelements="15" complexity="0" loc="10" ncloc="10" packages="1" files="3" classes="3"/>
    <file name="PureMethod.ts" path="C:\Users\zbera\WebstormProjects\saber\src\PureMethod.ts">
      <metrics statements="2" coveredstatements="2" conditionals="0" coveredconditionals="0" methods="2" coveredmethods="2"/>
      <line num="12" count="3" type="stmt"/>
      <line num="13" count="13" type="stmt"/>
    </file>
    <file name="SaberCore.ts" path="C:\Users\zbera\WebstormProjects\saber\src\SaberCore.ts">
      <metrics statements="6" coveredstatements="6" conditionals="0" coveredconditionals="0" methods="2" coveredmethods="2"/>
      <line num="1" count="2" type="stmt"/>
      <line num="4" count="2" type="stmt"/>
      <line num="11" count="38" type="stmt"/>
      <line num="12" count="38" type="stmt"/>
      <line num="13" count="38" type="stmt"/>
      <line num="15" count="2" type="stmt"/>
    </file>
    <file name="Utils.ts" path="C:\Users\zbera\WebstormProjects\saber\src\Utils.ts">
      <metrics statements="2" coveredstatements="2" conditionals="0" coveredconditionals="0" methods="1" coveredmethods="1"/>
      <line num="11" count="2" type="stmt"/>
      <line num="12" count="38" type="stmt"/>
    </file>
  </project>
</coverage>
