<?xml version="1.0" encoding="UTF-8"?>
<coverage generated="1602794638027" clover="3.2.0">
  <project timestamp="1602794638027" name="All files">
    <metrics statements="37" coveredstatements="35" conditionals="10" coveredconditionals="8" methods="21" coveredmethods="21" elements="68" coveredelements="64" complexity="0" loc="37" ncloc="37" packages="1" files="1" classes="1"/>
    <file name="saber.js" path="C:\Users\zbera\WebstormProjects\saber\src\saber.js">
      <metrics statements="37" coveredstatements="35" conditionals="10" coveredconditionals="8" methods="21" coveredmethods="21"/>
      <line num="8" count="1" type="cond" truecount="1" falsecount="0"/>
      <line num="10" count="2" type="stmt"/>
      <line num="11" count="2" type="stmt"/>
      <line num="12" count="3" type="cond" truecount="2" falsecount="0"/>
      <line num="13" count="1" type="stmt"/>
      <line num="37" count="1" type="stmt"/>
      <line num="38" count="1" type="stmt"/>
      <line num="52" count="1" type="stmt"/>
      <line num="53" count="1" type="stmt"/>
      <line num="56" count="1" type="stmt"/>
      <line num="57" count="1" type="stmt"/>
      <line num="66" count="1" type="stmt"/>
      <line num="77" count="1" type="stmt"/>
      <line num="86" count="1" type="stmt"/>
      <line num="98" count="1" type="stmt"/>
      <line num="109" count="1" type="stmt"/>
      <line num="118" count="1" type="stmt"/>
      <line num="131" count="1" type="stmt"/>
      <line num="148" count="2" type="stmt"/>
      <line num="149" count="6" type="cond" truecount="4" falsecount="0"/>
      <line num="150" count="4" type="stmt"/>
      <line num="160" count="4" type="stmt"/>
      <line num="168" count="1" type="stmt"/>
      <line num="169" count="2" type="stmt"/>
      <line num="170" count="11" type="stmt"/>
      <line num="179" count="1" type="stmt"/>
      <line num="180" count="1" type="stmt"/>
      <line num="181" count="0" type="cond" truecount="0" falsecount="2"/>
      <line num="182" count="0" type="stmt"/>
      <line num="187" count="1" type="stmt"/>
      <line num="189" count="1" type="stmt"/>
      <line num="212" count="1" type="stmt"/>
      <line num="213" count="1" type="stmt"/>
      <line num="214" count="2" type="stmt"/>
      <line num="222" count="1" type="stmt"/>
      <line num="223" count="1" type="stmt"/>
      <line num="224" count="1" type="stmt"/>
    </file>
  </project>
</coverage>
