{"C:\\Users\\zbera\\WebstormProjects\\saber\\src\\saber.js": {"path":"C:\\Users\\zbera\\WebstormProjects\\saber\\src\\saber.js","statementMap":{"0":{"start":{"line":8,"column":21},"end":{"line":18,"column":1}},"1":{"start":{"line":10,"column":15},"end":{"line":10,"column":28}},"2":{"start":{"line":11,"column":4},"end":{"line":17,"column":12}},"3":{"start":{"line":12,"column":8},"end":{"line":12,"column":66}},"4":{"start":{"line":12,"column":30},"end":{"line":12,"column":66}},"5":{"start":{"line":13,"column":8},"end":{"line":16,"column":9}},"6":{"start":{"line":37,"column":4},"end":{"line":42,"column":21}},"7":{"start":{"line":38,"column":8},"end":{"line":41,"column":9}},"8":{"start":{"line":52,"column":4},"end":{"line":58,"column":21}},"9":{"start":{"line":53,"column":21},"end":{"line":55,"column":9}},"10":{"start":{"line":56,"column":8},"end":{"line":56,"column":29}},"11":{"start":{"line":57,"column":8},"end":{"line":57,"column":19}},"12":{"start":{"line":66,"column":4},"end":{"line":68,"column":5}},"13":{"start":{"line":77,"column":4},"end":{"line":77,"column":33}},"14":{"start":{"line":86,"column":4},"end":{"line":89,"column":5}},"15":{"start":{"line":98,"column":4},"end":{"line":101,"column":5}},"16":{"start":{"line":109,"column":4},"end":{"line":109,"column":20}},"17":{"start":{"line":118,"column":4},"end":{"line":121,"column":5}},"18":{"start":{"line":131,"column":4},"end":{"line":135,"column":5}},"19":{"start":{"line":148,"column":4},"end":{"line":151,"column":6}},"20":{"start":{"line":149,"column":8},"end":{"line":149,"column":82}},"21":{"start":{"line":149,"column":71},"end":{"line":149,"column":82}},"22":{"start":{"line":150,"column":8},"end":{"line":150,"column":16}},"23":{"start":{"line":160,"column":4},"end":{"line":160,"column":42}},"24":{"start":{"line":160,"column":31},"end":{"line":160,"column":41}},"25":{"start":{"line":168,"column":32},"end":{"line":172,"column":1}},"26":{"start":{"line":169,"column":4},"end":{"line":171,"column":5}},"27":{"start":{"line":170,"column":8},"end":{"line":170,"column":45}},"28":{"start":{"line":179,"column":33},"end":{"line":185,"column":1}},"29":{"start":{"line":180,"column":4},"end":{"line":184,"column":5}},"30":{"start":{"line":181,"column":8},"end":{"line":183,"column":9}},"31":{"start":{"line":182,"column":12},"end":{"line":182,"column":36}},"32":{"start":{"line":187,"column":19},"end":{"line":187,"column":54}},"33":{"start":{"line":189,"column":19},"end":{"line":205,"column":1}},"34":{"start":{"line":212,"column":23},"end":{"line":216,"column":1}},"35":{"start":{"line":213,"column":4},"end":{"line":215,"column":5}},"36":{"start":{"line":213,"column":17},"end":{"line":213,"column":18}},"37":{"start":{"line":214,"column":8},"end":{"line":214,"column":61}},"38":{"start":{"line":222,"column":25},"end":{"line":226,"column":1}},"39":{"start":{"line":223,"column":4},"end":{"line":225,"column":5}},"40":{"start":{"line":223,"column":17},"end":{"line":223,"column":18}},"41":{"start":{"line":224,"column":8},"end":{"line":224,"column":62}}},"fnMap":{"0":{"name":"(anonymous_0)","decl":{"start":{"line":8,"column":21},"end":{"line":8,"column":22}},"loc":{"start":{"line":8,"column":62},"end":{"line":18,"column":1}},"line":8},"1":{"name":"(anonymous_1)","decl":{"start":{"line":11,"column":18},"end":{"line":11,"column":19}},"loc":{"start":{"line":11,"column":30},"end":{"line":17,"column":5}},"line":11},"2":{"name":"addInnerProperty","decl":{"start":{"line":36,"column":9},"end":{"line":36,"column":25}},"loc":{"start":{"line":36,"column":58},"end":{"line":43,"column":1}},"line":36},"3":{"name":"(anonymous_3)","decl":{"start":{"line":37,"column":30},"end":{"line":37,"column":31}},"loc":{"start":{"line":37,"column":42},"end":{"line":42,"column":5}},"line":37},"4":{"name":"deleteInnerProperty","decl":{"start":{"line":51,"column":9},"end":{"line":51,"column":28}},"loc":{"start":{"line":51,"column":54},"end":{"line":59,"column":1}},"line":51},"5":{"name":"(anonymous_5)","decl":{"start":{"line":52,"column":30},"end":{"line":52,"column":31}},"loc":{"start":{"line":52,"column":41},"end":{"line":58,"column":5}},"line":52},"6":{"name":"copyObject","decl":{"start":{"line":65,"column":9},"end":{"line":65,"column":19}},"loc":{"start":{"line":65,"column":22},"end":{"line":69,"column":1}},"line":65},"7":{"name":"mergeObjects","decl":{"start":{"line":76,"column":9},"end":{"line":76,"column":21}},"loc":{"start":{"line":76,"column":25},"end":{"line":78,"column":1}},"line":76},"8":{"name":"appendValue","decl":{"start":{"line":85,"column":9},"end":{"line":85,"column":20}},"loc":{"start":{"line":85,"column":24},"end":{"line":90,"column":1}},"line":85},"9":{"name":"prependValue","decl":{"start":{"line":97,"column":9},"end":{"line":97,"column":21}},"loc":{"start":{"line":97,"column":25},"end":{"line":102,"column":1}},"line":97},"10":{"name":"copyArray","decl":{"start":{"line":108,"column":9},"end":{"line":108,"column":18}},"loc":{"start":{"line":108,"column":21},"end":{"line":110,"column":1}},"line":108},"11":{"name":"mergeArray","decl":{"start":{"line":117,"column":9},"end":{"line":117,"column":19}},"loc":{"start":{"line":117,"column":25},"end":{"line":122,"column":1}},"line":117},"12":{"name":"insertValue","decl":{"start":{"line":130,"column":9},"end":{"line":130,"column":20}},"loc":{"start":{"line":130,"column":27},"end":{"line":136,"column":1}},"line":130},"13":{"name":"updateItem","decl":{"start":{"line":147,"column":9},"end":{"line":147,"column":19}},"loc":{"start":{"line":147,"column":64},"end":{"line":152,"column":1}},"line":147},"14":{"name":"(anonymous_14)","decl":{"start":{"line":148,"column":20},"end":{"line":148,"column":21}},"loc":{"start":{"line":148,"column":34},"end":{"line":151,"column":5}},"line":148},"15":{"name":"deleteValue","decl":{"start":{"line":159,"column":9},"end":{"line":159,"column":20}},"loc":{"start":{"line":159,"column":24},"end":{"line":161,"column":1}},"line":159},"16":{"name":"(anonymous_16)","decl":{"start":{"line":160,"column":23},"end":{"line":160,"column":24}},"loc":{"start":{"line":160,"column":31},"end":{"line":160,"column":41}},"line":160},"17":{"name":"(anonymous_17)","decl":{"start":{"line":168,"column":32},"end":{"line":168,"column":33}},"loc":{"start":{"line":168,"column":58},"end":{"line":172,"column":1}},"line":168},"18":{"name":"(anonymous_18)","decl":{"start":{"line":179,"column":33},"end":{"line":179,"column":34}},"loc":{"start":{"line":179,"column":59},"end":{"line":185,"column":1}},"line":179},"19":{"name":"(anonymous_19)","decl":{"start":{"line":212,"column":23},"end":{"line":212,"column":24}},"loc":{"start":{"line":212,"column":29},"end":{"line":216,"column":1}},"line":212},"20":{"name":"(anonymous_20)","decl":{"start":{"line":222,"column":25},"end":{"line":222,"column":26}},"loc":{"start":{"line":222,"column":31},"end":{"line":226,"column":1}},"line":222}},"branchMap":{"0":{"loc":{"start":{"line":8,"column":41},"end":{"line":8,"column":57}},"type":"default-arg","locations":[{"start":{"line":8,"column":55},"end":{"line":8,"column":57}}],"line":8},"1":{"loc":{"start":{"line":12,"column":8},"end":{"line":12,"column":66}},"type":"if","locations":[{"start":{"line":12,"column":8},"end":{"line":12,"column":66}},{"start":{"line":12,"column":8},"end":{"line":12,"column":66}}],"line":12},"2":{"loc":{"start":{"line":147,"column":35},"end":{"line":147,"column":62}},"type":"default-arg","locations":[{"start":{"line":147,"column":57},"end":{"line":147,"column":62}}],"line":147},"3":{"loc":{"start":{"line":149,"column":8},"end":{"line":149,"column":82}},"type":"if","locations":[{"start":{"line":149,"column":8},"end":{"line":149,"column":82}},{"start":{"line":149,"column":8},"end":{"line":149,"column":82}}],"line":149},"4":{"loc":{"start":{"line":149,"column":12},"end":{"line":149,"column":69}},"type":"cond-expr","locations":[{"start":{"line":149,"column":36},"end":{"line":149,"column":49}},{"start":{"line":149,"column":52},"end":{"line":149,"column":69}}],"line":149},"5":{"loc":{"start":{"line":181,"column":8},"end":{"line":183,"column":9}},"type":"if","locations":[{"start":{"line":181,"column":8},"end":{"line":183,"column":9}},{"start":{"line":181,"column":8},"end":{"line":183,"column":9}}],"line":181}},"s":{"0":1,"1":2,"2":2,"3":3,"4":2,"5":1,"6":1,"7":1,"8":1,"9":1,"10":1,"11":1,"12":1,"13":1,"14":1,"15":1,"16":1,"17":1,"18":1,"19":2,"20":6,"21":2,"22":4,"23":1,"24":4,"25":1,"26":2,"27":11,"28":1,"29":1,"30":0,"31":0,"32":1,"33":1,"34":1,"35":1,"36":1,"37":2,"38":1,"39":1,"40":1,"41":1},"f":{"0":2,"1":3,"2":1,"3":1,"4":1,"5":1,"6":1,"7":1,"8":1,"9":1,"10":1,"11":1,"12":1,"13":2,"14":6,"15":1,"16":4,"17":2,"18":1,"19":1,"20":1},"b":{"0":[1],"1":[2,1],"2":[1],"3":[2,4],"4":[3,3],"5":[0,0]},"_coverageSchema":"1a1c01bbd47fc00a2c39e90264f33305004495a9","hash":"661bd722846ccb041725bffd32c0a1a2497dd90c"}
}
