{"C:\\Users\\zbera\\WebstormProjects\\saber\\src\\PureMethod.ts": {"path":"C:\\Users\\zbera\\WebstormProjects\\saber\\src\\PureMethod.ts","statementMap":{"0":{"start":{"line":13,"column":4},"end":{"line":13,"column":null}},"1":{"start":{"line":12,"column":0},"end":{"line":12,"column":24}}},"fnMap":{"0":{"name":"Pure","decl":{"start":{"line":12,"column":24},"end":{"line":12,"column":28}},"loc":{"start":{"line":12,"column":28},"end":{"line":14,"column":1}}},"1":{"name":"(anonymous_1)","decl":{"start":{"line":13,"column":11},"end":{"line":13,"column":12}},"loc":{"start":{"line":13,"column":66},"end":{"line":13,"column":73}}}},"branchMap":{},"s":{"0":13,"1":3},"f":{"0":13,"1":13},"b":{}}
,"C:\\Users\\zbera\\WebstormProjects\\saber\\src\\SaberCore.ts": {"path":"C:\\Users\\zbera\\WebstormProjects\\saber\\src\\SaberCore.ts","statementMap":{"0":{"start":{"line":1,"column":0},"end":{"line":1,"column":52}},"1":{"start":{"line":4,"column":0},"end":{"line":4,"column":null}},"2":{"start":{"line":11,"column":8},"end":{"line":11,"column":null}},"3":{"start":{"line":12,"column":8},"end":{"line":12,"column":null}},"4":{"start":{"line":13,"column":8},"end":{"line":13,"column":null}},"5":{"start":{"line":15,"column":0},"end":{"line":15,"column":null}}},"fnMap":{"0":{"name":"(anonymous_0)","decl":{"start":{"line":4,"column":0},"end":{"line":4,"column":null}},"loc":{"start":{"line":4,"column":0},"end":{"line":15,"column":null}}},"1":{"name":"SaberCore","decl":{"start":{"line":10,"column":4},"end":{"line":10,"column":16}},"loc":{"start":{"line":10,"column":33},"end":{"line":14,"column":5}}}},"branchMap":{},"s":{"0":2,"1":2,"2":38,"3":38,"4":38,"5":2},"f":{"0":2,"1":38},"b":{}}
,"C:\\Users\\zbera\\WebstormProjects\\saber\\src\\Utils.ts": {"path":"C:\\Users\\zbera\\WebstormProjects\\saber\\src\\Utils.ts","statementMap":{"0":{"start":{"line":12,"column":4},"end":{"line":12,"column":null}},"1":{"start":{"line":11,"column":0},"end":{"line":11,"column":16}}},"fnMap":{"0":{"name":"hash","decl":{"start":{"line":11,"column":16},"end":{"line":11,"column":20}},"loc":{"start":{"line":11,"column":20},"end":{"line":13,"column":1}}}},"branchMap":{},"s":{"0":38,"1":2},"f":{"0":38},"b":{}}
}
