TN:
SF:src\saber.js
FN:8,(anonymous_0)
FN:11,(anonymous_1)
FN:36,addInnerProperty
FN:37,(anonymous_3)
FN:51,deleteInnerProperty
FN:52,(anonymous_5)
FN:65,copyObject
FN:76,mergeObjects
FN:85,appendValue
FN:97,prependValue
FN:108,copyArray
FN:117,mergeArray
FN:130,insertValue
FN:147,updateItem
FN:148,(anonymous_14)
FN:159,deleteValue
FN:160,(anonymous_16)
FN:168,(anonymous_17)
FN:179,(anonymous_18)
FN:212,(anonymous_19)
FN:222,(anonymous_20)
FNF:21
FNH:21
FNDA:2,(anonymous_0)
FNDA:3,(anonymous_1)
FNDA:1,addInnerProperty
FNDA:1,(anonymous_3)
FNDA:1,deleteInnerProperty
FNDA:1,(anonymous_5)
FNDA:1,copyObject
FNDA:1,mergeObjects
FNDA:1,appendValue
FNDA:1,prependValue
FNDA:1,copyArray
FNDA:1,mergeArray
FNDA:1,insertValue
FNDA:2,updateItem
FNDA:6,(anonymous_14)
FNDA:1,deleteValue
FNDA:4,(anonymous_16)
FNDA:2,(anonymous_17)
FNDA:1,(anonymous_18)
FNDA:1,(anonymous_19)
FNDA:1,(anonymous_20)
DA:8,1
DA:10,2
DA:11,2
DA:12,3
DA:13,1
DA:37,1
DA:38,1
DA:52,1
DA:53,1
DA:56,1
DA:57,1
DA:66,1
DA:77,1
DA:86,1
DA:98,1
DA:109,1
DA:118,1
DA:131,1
DA:148,2
DA:149,6
DA:150,4
DA:160,4
DA:168,1
DA:169,2
DA:170,11
DA:179,1
DA:180,1
DA:181,0
DA:182,0
DA:187,1
DA:189,1
DA:212,1
DA:213,1
DA:214,2
DA:222,1
DA:223,1
DA:224,1
LF:37
LH:35
BRDA:8,0,0,1
BRDA:12,1,0,2
BRDA:12,1,1,1
BRDA:147,2,0,1
BRDA:149,3,0,2
BRDA:149,3,1,4
BRDA:149,4,0,3
BRDA:149,4,1,3
BRDA:181,5,0,0
BRDA:181,5,1,0
BRF:10
BRH:8
end_of_record
